<?xml version="1.0" encoding="UTF-8"?>
<!-- Generated by org.testng.reporters.JUnitReportReporter -->
<testsuite hostname="Ganesh_Kumar" failures="0" tests="1" name="com.Web.SAAS.CSVReader" time="0.018" errors="0" timestamp="2024-10-01T00:22:45 IST" skipped="0">
  <testcase classname="com.Web.SAAS.CSVReader" name="reader" time="0.018"/>
</testsuite> <!-- com.Web.SAAS.CSVReader -->
