<?xml version="1.0" encoding="UTF-8"?>
<!-- Generated by org.testng.reporters.JUnitReportReporter -->
<testsuite hostname="Ganesh_Kumar" failures="0" tests="1" name="com.Web.SAAS.csvreadandright" time="0.010" errors="0" timestamp="2024-09-30T14:46:45 IST" skipped="0">
  <testcase classname="com.Web.SAAS.csvreadandright" name="readandwight" time="0.010"/>
</testsuite> <!-- com.Web.SAAS.csvreadandright -->
