<?xml version="1.0" encoding="UTF-8"?>
<!-- Generated by org.testng.reporters.JUnitReportReporter -->
<testsuite hostname="Ganesh_Kumar" failures="0" tests="1" name="com.Web.SAAS.paginationNetwork" time="17.144" errors="0" timestamp="2024-10-02T10:11:07 IST" skipped="0">
  <testcase classname="com.Web.SAAS.paginationNetwork" name="csvupload" time="17.144">
    <system-out>
      <![CDATA[🔤 In Input Text Field 'customercare@jqrsports.com' data is Passed then
🔤 In Input Text Field 'Jqr@123456' data is Passed then
✅ 'Log In'---->Button Get clicked then
✅ 'Retailer List'---->Button Get clicked then
❌ Next Page Button is not working]]>
    </system-out>
  </testcase> <!-- csvupload -->
  <system-out>
    <![CDATA[🔤 In Input Text Field 'customercare@jqrsports.com' data is Passed then
🔤 In Input Text Field 'Jqr@123456' data is Passed then
✅ 'Log In'---->Button Get clicked then
✅ 'Retailer List'---->Button Get clicked then
❌ Next Page Button is not working]]>
  </system-out>
</testsuite> <!-- com.Web.SAAS.paginationNetwork -->
