<?xml version="1.0" encoding="UTF-8"?>
<!-- Generated by org.testng.reporters.JUnitReportReporter -->
<testsuite hostname="Ganesh_Kumar" failures="0" tests="1" name="com.Web.SAAS.response" time="8.010" errors="0" timestamp="2024-09-23T12:54:48 IST" skipped="0">
  <testcase classname="com.Web.SAAS.response" name="practice" time="8.010"/>
</testsuite> <!-- com.Web.SAAS.response -->
