<?xml version="1.0" encoding="UTF-8"?>
<!-- Generated by org.testng.reporters.JUnitReportReporter -->
<testsuite hostname="Ganesh_Kumar" failures="0" tests="1" name="com.Web.SAAS.fileread" time="0.010" errors="0" timestamp="2024-09-30T14:36:19 IST" skipped="0">
  <testcase classname="com.Web.SAAS.fileread" name="readCSV" time="0.010"/>
</testsuite> <!-- com.Web.SAAS.fileread -->
